Warning: no access to tty (Bad file descriptor).
Thus no job control in this shell.

---------------------- Contact and Status Information ----------------------

NERSC Contacts                http://www.nersc.gov/about/contact.php
NERSC Status                  http://www.nersc.gov/nusers/status/
NERSC: 800-66-NERSC (USA)     510-486-8600 (outside continental USA)

-------------------- Recent Outages and Scheduled Downs --------------------

BASSI:   08/14/2008 10:00-16:00PT, Scheduled maintenance.
                                   Upgrade to AIX 5.3 TL8.

DAVINCI: 08/08/2008 08:00-08:15PT, Scheduled maintenance. 
                    The system will be unavailable for SSH Logins.

HPSS User System:   08/11/2008 10:00-12:00PT, Scheduled maintenance. 

HPSS Backup System: 08/11/2008 10:00-13:00PT, Scheduled maintenance. 

NGF:  08/12/2008 09:00-18:00PT, Scheduled maintenance.
                 The NGF software will be upgraded.  /project will
                 remain available during the upgrade, although there
                 may be temporary performance reductions.

----------------------------------------------------------------------------

Directory: /u0/f/fzheng
Application 5263529 resources: utime 324, stime 5
 
   -------------------------- Batch Job Report ------------------------------
 
   Job Id:         5488368.nid00003
   User Name:      fzheng
   Group Name:     
   Job Name:       .ddtqdS8TLX
   Session ID:     12058
   Resource List:  walltime=00:30:00
   Queue Name:     debug
   Account String: m499
 
Job Exit Summary:
   APINFO_SUCCESS:  application completed with no detectable system errors
 
